<?xml version="1.0" encoding="UTF-8"?>
<!-- Generated by org.testng.reporters.JUnitReportReporter -->
<testsuite skipped="0" hostname="RamRaksha-PC" name="Pages.HomePage" tests="2" failures="0" timestamp="09 Sep 2021 07:06:08 GMT" time="5.688" errors="0">
  <testcase name="homeSearch" time="0.756" classname="Pages.HomePage"/>
  <testcase name="loginIntoAmazon" time="4.932" classname="Pages.HomePage"/>
</testsuite> <!-- Pages.HomePage -->
