<?xml version="1.0" encoding="UTF-8"?>
<!-- Generated by org.testng.reporters.JUnitReportReporter -->
<testsuite skipped="0" hostname="RamRaksha-PC" name="Pages.HomePage" tests="2" failures="0" timestamp="2021-09-09T13:03:52 IST" time="2.072" errors="0">
  <testcase name="loginIntoAmazon" time="1.875" classname="Pages.HomePage"/>
  <system-out/>
  <testcase name="homeSearch" time="0.197" classname="Pages.HomePage"/>
  <system-out/>
</testsuite> <!-- Pages.HomePage -->
