<?xml version="1.0" encoding="UTF-8"?>
<!-- Generated by org.testng.reporters.JUnitReportReporter -->
<testsuite skipped="0" hostname="RamRaksha-PC" name="Pages.HomePage" tests="2" failures="0" timestamp="2021-09-09T12:49:16 IST" time="10.860" errors="0">
  <testcase name="loginIntoAmazon" time="9.903" classname="Pages.HomePage"/>
  <system-out/>
  <testcase name="homeSearch" time="0.957" classname="Pages.HomePage"/>
  <system-out/>
</testsuite> <!-- Pages.HomePage -->
